
ROM used: 193 (2%)
          193 (2%) including unused fragments

          0 Average locations per line
          6 Average locations per statement

RAM used: 7 (2%) at main() level
          8 (2%) worst case

Stack used: 1 worst case (out of 8 total available)

Lines Stmts  %   Files
----- ----- ---  -----
   54    35 100  lab1.c
  411     0   0  C:\Program Files (x86)\PICC\devices\16F887.h
  212     0   0  C:\Program Files (x86)\PICC\drivers\luutinh.h
----- -----
  677    35 Total

Page ROM  %  RAM   Vol Diff  Functions:
---- --- --- ---   --- ----  ----------
0     21  11   1             @delay_ms1
0    168  87   1   854  1.9  main

Program metrics:
    Functions               1
    Statements              35
    Comments                109
    Volume (V)              857
    Difficilty (D)          1.9
    Effort to implement (E) 1640
    Time to implement (T)   2 minutes
    Est Delivered Bugs (B)  0
    Cyclomatic Complexity   1
    Maintainability (MI)    56

 Segment     Used  Free
-----------  ----  ----
00000-00003     4  0  
00004-007FF   189  1855  
00800-00FFF     0  2048  
01000-017FF     0  2048  
01800-01FFF     0  2048  



